{"message":"garbage collector started on path: C:\\develop\\nodejs\\projects\\aitam\\work\\","level":"\u001b[34minfo\u001b[39m","timestamp":"2021-10-27 06:26:07"}
{"message":"garbage collector started on path: C:\\develop\\nodejs\\projects\\aitam\\work\\","level":"\u001b[34minfo\u001b[39m","timestamp":"2021-10-27 06:26:10"}
{"message":"Session created received the id:9361013b-f893-496d-b3c8-83465449ded5","level":"\u001b[34minfo\u001b[39m","timestamp":"2021-10-27 06:26:52"}
{"message":"garbage collector started on path: C:\\develop\\nodejs\\projects\\aitam\\work\\","level":"\u001b[34minfo\u001b[39m","timestamp":"2021-10-27 06:26:55"}
{"message":"404 - Not Found","level":"\u001b[33mwarn\u001b[39m","timestamp":"2021-10-27 06:26:56"}
{"message":"req.user: undefined","level":"\u001b[34minfo\u001b[39m","timestamp":"2021-10-27 06:27:33"}
{"message":"Session id started: {\"user\":\"2f24vvg\"}","level":"\u001b[34minfo\u001b[39m","timestamp":"2021-10-27 06:27:33"}
{"message":"User logged in: {\"id\":\"2f24vvg\",\"email\":\"test@test.com\",\"password\":\"$2a$10$A2g6pbxxhLA9MNYRJ0rnzOf/7Ara76B0KcRdjzUcsIBIclRuas/fG\"}","level":"\u001b[34minfo\u001b[39m","timestamp":"2021-10-27 06:27:33"}
{"message":"New audit file created:C:\\develop\\nodejs\\projects\\aitam\\work\\d960d94c-8769-43f3-bbd1-ad26af5a763a.xml","level":"\u001b[34minfo\u001b[39m","timestamp":"2021-10-27 06:27:38"}
{"message":"garbage collector started on path: C:\\develop\\nodejs\\projects\\aitam\\work\\","level":"\u001b[34minfo\u001b[39m","timestamp":"2021-10-27 06:27:47"}
{"message":"req.user: undefined","level":"\u001b[34minfo\u001b[39m","timestamp":"2021-10-27 06:27:58"}
{"message":"Session id started: {\"user\":\"2f24vvg\"}","level":"\u001b[34minfo\u001b[39m","timestamp":"2021-10-27 06:27:58"}
{"message":"User logged in: {\"id\":\"2f24vvg\",\"email\":\"test@test.com\",\"password\":\"$2a$10$A2g6pbxxhLA9MNYRJ0rnzOf/7Ara76B0KcRdjzUcsIBIclRuas/fG\"}","level":"\u001b[34minfo\u001b[39m","timestamp":"2021-10-27 06:27:58"}
{"message":"New audit file created:C:\\develop\\nodejs\\projects\\aitam\\work\\7610698b-d9ca-4bbf-82ce-0f8de7f68f1a.xml","level":"\u001b[34minfo\u001b[39m","timestamp":"2021-10-27 06:28:00"}
{"message":"Session created received the id:7610698b-d9ca-4bbf-82ce-0f8de7f68f1a","level":"\u001b[34minfo\u001b[39m","timestamp":"2021-10-27 06:28:40"}
{"message":"Session created received the id:7610698b-d9ca-4bbf-82ce-0f8de7f68f1a","level":"\u001b[34minfo\u001b[39m","timestamp":"2021-10-27 06:29:37"}
{"message":"Session created received the id:7610698b-d9ca-4bbf-82ce-0f8de7f68f1a","level":"\u001b[34minfo\u001b[39m","timestamp":"2021-10-27 06:29:51"}
{"message":"Session created received the id:7610698b-d9ca-4bbf-82ce-0f8de7f68f1a","level":"\u001b[34minfo\u001b[39m","timestamp":"2021-10-27 06:29:53"}
{"message":"garbage collector started on path: C:\\develop\\nodejs\\projects\\aitam\\work\\","level":"\u001b[34minfo\u001b[39m","timestamp":"2021-10-27 06:32:30"}
{"message":"garbage collector started on path: C:\\develop\\nodejs\\projects\\aitam\\work\\","level":"\u001b[34minfo\u001b[39m","timestamp":"2021-10-27 06:38:00"}
{"message":"Session created received the id:53ec1f48-9e5f-484d-8bf2-ede7d3c89cb5","level":"\u001b[34minfo\u001b[39m","timestamp":"2021-10-27 06:38:27"}
{"message":"req.user: undefined","level":"\u001b[34minfo\u001b[39m","timestamp":"2021-10-27 06:39:20"}
{"message":"Session id started: {\"user\":\"2f24vvg\"}","level":"\u001b[34minfo\u001b[39m","timestamp":"2021-10-27 06:39:20"}
{"message":"User logged in: {\"id\":\"2f24vvg\",\"email\":\"test@test.com\",\"password\":\"$2a$10$A2g6pbxxhLA9MNYRJ0rnzOf/7Ara76B0KcRdjzUcsIBIclRuas/fG\"}","level":"\u001b[34minfo\u001b[39m","timestamp":"2021-10-27 06:39:20"}
{"message":"New audit file created:C:\\develop\\nodejs\\projects\\aitam\\work\\53ec1f48-9e5f-484d-8bf2-ede7d3c89cb5.xml","level":"\u001b[34minfo\u001b[39m","timestamp":"2021-10-27 06:39:23"}
{"message":"garbage collector started on path: C:\\develop\\nodejs\\projects\\aitam\\work\\","level":"\u001b[34minfo\u001b[39m","timestamp":"2021-10-27 06:43:27"}
{"message":"req.user: undefined","level":"\u001b[34minfo\u001b[39m","timestamp":"2021-10-27 06:43:38"}
{"message":"Session id started: {\"user\":\"2f24vvg\"}","level":"\u001b[34minfo\u001b[39m","timestamp":"2021-10-27 06:43:38"}
{"message":"User logged in: {\"id\":\"2f24vvg\",\"email\":\"test@test.com\",\"password\":\"$2a$10$A2g6pbxxhLA9MNYRJ0rnzOf/7Ara76B0KcRdjzUcsIBIclRuas/fG\"}","level":"\u001b[34minfo\u001b[39m","timestamp":"2021-10-27 06:43:38"}
{"message":"New audit file created:C:\\develop\\nodejs\\projects\\aitam\\work\\4f5d6753-d8f0-4cbc-876e-74d54a78cbd9.xml","level":"\u001b[34minfo\u001b[39m","timestamp":"2021-10-27 06:43:40"}
{"message":"garbage collector started on path: C:\\develop\\nodejs\\projects\\aitam\\work\\","level":"\u001b[34minfo\u001b[39m","timestamp":"2021-10-27 06:44:27"}
{"message":"garbage collector started on path: C:\\develop\\nodejs\\projects\\aitam\\work\\","level":"\u001b[34minfo\u001b[39m","timestamp":"2021-10-27 08:00:44"}
{"message":"garbage collector started on path: C:\\develop\\nodejs\\projects\\aitam\\work\\","level":"\u001b[34minfo\u001b[39m","timestamp":"2021-10-27 08:00:49"}
{"message":"garbage collector started on path: C:\\develop\\nodejs\\projects\\aitam\\work\\","level":"\u001b[34minfo\u001b[39m","timestamp":"2021-10-27 08:04:26"}
{"message":"Session created received the id:15973214-7640-49a3-8a68-dd4881dfadf1","level":"\u001b[34minfo\u001b[39m","timestamp":"2021-10-27 08:04:36"}
{"message":"garbage collector started on path: C:\\develop\\nodejs\\projects\\aitam\\work\\","level":"\u001b[34minfo\u001b[39m","timestamp":"2021-10-27 08:04:39"}
{"message":"404 - Not Found","level":"\u001b[33mwarn\u001b[39m","timestamp":"2021-10-27 08:04:42"}
{"message":"req.user: undefined","level":"\u001b[34minfo\u001b[39m","timestamp":"2021-10-27 08:04:48"}
{"message":"Session id started: {\"user\":\"2f24vvg\"}","level":"\u001b[34minfo\u001b[39m","timestamp":"2021-10-27 08:04:48"}
{"message":"User logged in: {\"id\":\"2f24vvg\",\"email\":\"test@test.com\",\"password\":\"$2a$10$A2g6pbxxhLA9MNYRJ0rnzOf/7Ara76B0KcRdjzUcsIBIclRuas/fG\"}","level":"\u001b[34minfo\u001b[39m","timestamp":"2021-10-27 08:04:48"}
{"message":"New audit file created:C:\\develop\\nodejs\\projects\\aitam\\work\\44be1d08-474c-49a2-893f-658921154546.xml","level":"\u001b[34minfo\u001b[39m","timestamp":"2021-10-27 08:04:50"}
{"message":"garbage collector started on path: C:\\develop\\nodejs\\projects\\aitam\\work\\","level":"\u001b[34minfo\u001b[39m","timestamp":"2021-10-27 08:05:39"}
{"message":"req.user: undefined","level":"\u001b[34minfo\u001b[39m","timestamp":"2021-10-27 08:05:48"}
{"message":"Session id started: {\"user\":\"2f24vvg\"}","level":"\u001b[34minfo\u001b[39m","timestamp":"2021-10-27 08:05:48"}
{"message":"User logged in: {\"id\":\"2f24vvg\",\"email\":\"test@test.com\",\"password\":\"$2a$10$A2g6pbxxhLA9MNYRJ0rnzOf/7Ara76B0KcRdjzUcsIBIclRuas/fG\"}","level":"\u001b[34minfo\u001b[39m","timestamp":"2021-10-27 08:05:48"}
{"message":"New audit file created:C:\\develop\\nodejs\\projects\\aitam\\work\\e0f4a56d-e61b-4392-bec0-5e7393ab4d6c.xml","level":"\u001b[34minfo\u001b[39m","timestamp":"2021-10-27 08:05:50"}
{"message":"garbage collector started on path: C:\\develop\\nodejs\\projects\\aitam\\work\\","level":"\u001b[34minfo\u001b[39m","timestamp":"2021-10-27 08:07:45"}
{"message":"req.user: undefined","level":"\u001b[34minfo\u001b[39m","timestamp":"2021-10-27 08:09:12"}
{"message":"Session id started: {\"user\":\"2f24vvg\"}","level":"\u001b[34minfo\u001b[39m","timestamp":"2021-10-27 08:09:12"}
{"message":"User logged in: {\"id\":\"2f24vvg\",\"email\":\"test@test.com\",\"password\":\"$2a$10$A2g6pbxxhLA9MNYRJ0rnzOf/7Ara76B0KcRdjzUcsIBIclRuas/fG\"}","level":"\u001b[34minfo\u001b[39m","timestamp":"2021-10-27 08:09:12"}
{"message":"User (2f24vvg) uploaded a file: {\"file-upload\":{\"size\":465587,\"path\":\"C:\\\\develop\\\\nodejs\\\\projects\\\\aitam\\\\work\\\\091640b4-751b-483a-ab2e-34ef120b0d47.xml\",\"name\":\"ATK-SIGTAS.xml\",\"type\":\"text/xml\",\"mtime\":\"2021-10-27T08:09:52.220Z\"}}","level":"\u001b[34minfo\u001b[39m","timestamp":"2021-10-27 08:09:52"}
{"message":"req.user: {\"id\":\"2f24vvg\",\"email\":\"test@test.com\",\"password\":\"$2a$10$A2g6pbxxhLA9MNYRJ0rnzOf/7Ara76B0KcRdjzUcsIBIclRuas/fG\"}","level":"\u001b[34minfo\u001b[39m","timestamp":"2021-10-27 08:10:07"}
{"message":"Session id started: {\"user\":\"2f24vvg\"}","level":"\u001b[34minfo\u001b[39m","timestamp":"2021-10-27 08:10:07"}
{"message":"User logged in: {\"id\":\"2f24vvg\",\"email\":\"test@test.com\",\"password\":\"$2a$10$A2g6pbxxhLA9MNYRJ0rnzOf/7Ara76B0KcRdjzUcsIBIclRuas/fG\"}","level":"\u001b[34minfo\u001b[39m","timestamp":"2021-10-27 08:10:07"}
{"message":"User (2f24vvg) uploaded a file: {\"file-upload\":{\"size\":465587,\"path\":\"C:\\\\develop\\\\nodejs\\\\projects\\\\aitam\\\\work\\\\091640b4-751b-483a-ab2e-34ef120b0d47.xml\",\"name\":\"ATK-SIGTAS.xml\",\"type\":\"text/xml\",\"mtime\":\"2021-10-27T08:10:12.276Z\"}}","level":"\u001b[34minfo\u001b[39m","timestamp":"2021-10-27 08:10:12"}
{"message":"garbage collector started on path: C:\\develop\\nodejs\\projects\\aitam\\work\\","level":"\u001b[34minfo\u001b[39m","timestamp":"2021-10-27 08:12:28"}
{"message":"garbage collector started on path: C:\\develop\\nodejs\\projects\\aitam\\work\\","level":"\u001b[34minfo\u001b[39m","timestamp":"2021-10-27 08:16:54"}
{"message":"garbage collector started on path: C:\\develop\\nodejs\\projects\\aitam\\work\\","level":"\u001b[34minfo\u001b[39m","timestamp":"2021-10-27 08:21:44"}
{"message":"garbage collector started on path: C:\\develop\\nodejs\\projects\\aitam\\work\\","level":"\u001b[34minfo\u001b[39m","timestamp":"2021-10-27 09:42:37"}
{"message":"garbage collector started on path: C:\\develop\\nodejs\\projects\\aitam\\work\\","level":"\u001b[34minfo\u001b[39m","timestamp":"2021-10-27 09:42:41"}
{"message":"garbage collector started on path: C:\\develop\\nodejs\\projects\\aitam\\work\\","level":"\u001b[34minfo\u001b[39m","timestamp":"2021-10-27 09:45:05"}
{"message":"garbage collector started on path: C:\\develop\\nodejs\\projects\\aitam\\work\\","level":"\u001b[34minfo\u001b[39m","timestamp":"2021-10-27 09:45:11"}
{"message":"Session created received the id:00791729-7df4-4f30-b61b-f5adcb429ff8","level":"\u001b[34minfo\u001b[39m","timestamp":"2021-10-27 09:45:21"}
{"message":"garbage collector started on path: C:\\develop\\nodejs\\projects\\aitam\\work\\","level":"\u001b[34minfo\u001b[39m","timestamp":"2021-10-27 09:45:24"}
{"message":"Session created received the id:c81ab4ab-2684-4731-a841-55957e53ef07","level":"\u001b[34minfo\u001b[39m","timestamp":"2021-10-27 09:45:30"}
{"message":"req.user: undefined","level":"\u001b[34minfo\u001b[39m","timestamp":"2021-10-27 09:45:37"}
{"message":"Session id started: {\"user\":\"2f24vvg\"}","level":"\u001b[34minfo\u001b[39m","timestamp":"2021-10-27 09:45:37"}
{"message":"User logged in: {\"id\":\"2f24vvg\",\"email\":\"test@test.com\",\"password\":\"$2a$10$A2g6pbxxhLA9MNYRJ0rnzOf/7Ara76B0KcRdjzUcsIBIclRuas/fG\"}","level":"\u001b[34minfo\u001b[39m","timestamp":"2021-10-27 09:45:37"}
{"message":"New audit file created:C:\\develop\\nodejs\\projects\\aitam\\work\\c81ab4ab-2684-4731-a841-55957e53ef07.xml","level":"\u001b[34minfo\u001b[39m","timestamp":"2021-10-27 09:45:39"}
{"message":"garbage collector started on path: C:\\develop\\nodejs\\projects\\aitam\\work\\","level":"\u001b[34minfo\u001b[39m","timestamp":"2021-10-27 09:47:17"}
{"message":"req.user: undefined","level":"\u001b[34minfo\u001b[39m","timestamp":"2021-10-27 09:47:25"}
{"message":"Session id started: {\"user\":\"2f24vvg\"}","level":"\u001b[34minfo\u001b[39m","timestamp":"2021-10-27 09:47:25"}
{"message":"User logged in: {\"id\":\"2f24vvg\",\"email\":\"test@test.com\",\"password\":\"$2a$10$A2g6pbxxhLA9MNYRJ0rnzOf/7Ara76B0KcRdjzUcsIBIclRuas/fG\"}","level":"\u001b[34minfo\u001b[39m","timestamp":"2021-10-27 09:47:25"}
{"message":"New audit file created:C:\\develop\\nodejs\\projects\\aitam\\work\\846f0deb-5c74-4b16-b44c-f864989750a5.xml","level":"\u001b[34minfo\u001b[39m","timestamp":"2021-10-27 09:47:27"}
{"message":"garbage collector started on path: C:\\develop\\nodejs\\projects\\aitam\\work\\","level":"\u001b[34minfo\u001b[39m","timestamp":"2021-10-27 09:48:35"}
{"message":"garbage collector started on path: C:\\develop\\nodejs\\projects\\aitam\\work\\","level":"\u001b[34minfo\u001b[39m","timestamp":"2021-10-27 09:48:42"}
{"message":"req.user: undefined","level":"\u001b[34minfo\u001b[39m","timestamp":"2021-10-27 09:48:59"}
{"message":"Session id started: {\"user\":\"2f24vvg\"}","level":"\u001b[34minfo\u001b[39m","timestamp":"2021-10-27 09:48:59"}
{"message":"User logged in: {\"id\":\"2f24vvg\",\"email\":\"test@test.com\",\"password\":\"$2a$10$A2g6pbxxhLA9MNYRJ0rnzOf/7Ara76B0KcRdjzUcsIBIclRuas/fG\"}","level":"\u001b[34minfo\u001b[39m","timestamp":"2021-10-27 09:48:59"}
{"message":"New audit file created:C:\\develop\\nodejs\\projects\\aitam\\work\\3e97a443-871d-4bfd-99e8-86c13fcd5478.xml","level":"\u001b[34minfo\u001b[39m","timestamp":"2021-10-27 09:49:01"}
{"message":"garbage collector started on path: C:\\develop\\nodejs\\projects\\aitam\\work\\","level":"\u001b[34minfo\u001b[39m","timestamp":"2021-10-27 09:49:23"}
{"message":"req.user: undefined","level":"\u001b[34minfo\u001b[39m","timestamp":"2021-10-27 09:49:32"}
{"message":"Session id started: {\"user\":\"2f24vvg\"}","level":"\u001b[34minfo\u001b[39m","timestamp":"2021-10-27 09:49:32"}
{"message":"User logged in: {\"id\":\"2f24vvg\",\"email\":\"test@test.com\",\"password\":\"$2a$10$A2g6pbxxhLA9MNYRJ0rnzOf/7Ara76B0KcRdjzUcsIBIclRuas/fG\"}","level":"\u001b[34minfo\u001b[39m","timestamp":"2021-10-27 09:49:32"}
{"message":"New audit file created:C:\\develop\\nodejs\\projects\\aitam\\work\\fd2754e6-ccee-45fb-8c20-32cd7640d093.xml","level":"\u001b[34minfo\u001b[39m","timestamp":"2021-10-27 09:49:47"}
{"message":"garbage collector started on path: C:\\develop\\nodejs\\projects\\aitam\\work\\","level":"\u001b[34minfo\u001b[39m","timestamp":"2021-10-27 09:51:38"}
{"message":"req.user: undefined","level":"\u001b[34minfo\u001b[39m","timestamp":"2021-10-27 09:51:48"}
{"message":"Session id started: {\"user\":\"2f24vvg\"}","level":"\u001b[34minfo\u001b[39m","timestamp":"2021-10-27 09:51:48"}
{"message":"User logged in: {\"id\":\"2f24vvg\",\"email\":\"test@test.com\",\"password\":\"$2a$10$A2g6pbxxhLA9MNYRJ0rnzOf/7Ara76B0KcRdjzUcsIBIclRuas/fG\"}","level":"\u001b[34minfo\u001b[39m","timestamp":"2021-10-27 09:51:48"}
{"message":"New audit file created:C:\\develop\\nodejs\\projects\\aitam\\work\\c4b74497-320e-443b-bdd7-f063541eeaa7.xml","level":"\u001b[34minfo\u001b[39m","timestamp":"2021-10-27 09:51:49"}
{"message":"New audit file created:C:\\develop\\nodejs\\projects\\aitam\\work\\c4b74497-320e-443b-bdd7-f063541eeaa7.xml","level":"\u001b[34minfo\u001b[39m","timestamp":"2021-10-27 09:52:33"}
{"message":"garbage collector started on path: C:\\develop\\nodejs\\projects\\aitam\\work\\","level":"\u001b[34minfo\u001b[39m","timestamp":"2021-10-27 09:54:38"}
{"message":"req.user: undefined","level":"\u001b[34minfo\u001b[39m","timestamp":"2021-10-27 09:54:48"}
{"message":"Session id started: {\"user\":\"2f24vvg\"}","level":"\u001b[34minfo\u001b[39m","timestamp":"2021-10-27 09:54:48"}
{"message":"User logged in: {\"id\":\"2f24vvg\",\"email\":\"test@test.com\",\"password\":\"$2a$10$A2g6pbxxhLA9MNYRJ0rnzOf/7Ara76B0KcRdjzUcsIBIclRuas/fG\"}","level":"\u001b[34minfo\u001b[39m","timestamp":"2021-10-27 09:54:48"}
{"message":"New audit file created:C:\\develop\\nodejs\\projects\\aitam\\work\\72e0b2e0-d28c-4b07-bac6-4711541530f6.xml","level":"\u001b[34minfo\u001b[39m","timestamp":"2021-10-27 09:54:50"}
{"message":"garbage collector started on path: C:\\develop\\nodejs\\projects\\aitam\\work\\","level":"\u001b[34minfo\u001b[39m","timestamp":"2021-10-27 09:55:17"}
{"message":"req.user: undefined","level":"\u001b[34minfo\u001b[39m","timestamp":"2021-10-27 09:55:26"}
{"message":"Session id started: {\"user\":\"2f24vvg\"}","level":"\u001b[34minfo\u001b[39m","timestamp":"2021-10-27 09:55:26"}
{"message":"User logged in: {\"id\":\"2f24vvg\",\"email\":\"test@test.com\",\"password\":\"$2a$10$A2g6pbxxhLA9MNYRJ0rnzOf/7Ara76B0KcRdjzUcsIBIclRuas/fG\"}","level":"\u001b[34minfo\u001b[39m","timestamp":"2021-10-27 09:55:26"}
{"message":"New audit file created:C:\\develop\\nodejs\\projects\\aitam\\work\\5a6dcb9c-ce6f-4614-827d-96d935e1dc31.xml","level":"\u001b[34minfo\u001b[39m","timestamp":"2021-10-27 09:55:27"}
{"message":"garbage collector started on path: C:\\develop\\nodejs\\projects\\aitam\\work\\","level":"\u001b[34minfo\u001b[39m","timestamp":"2021-10-27 09:55:48"}
