{"level":"\u001b[34minfo\u001b[39m","message":"garbage collector started on path: C:\\faktoria\\aitam\\work\\","timestamp":"2023-03-10 07:27:56"}
{"level":"\u001b[34minfo\u001b[39m","message":"Session created received the id:7c2d6f2c-b780-44fb-8601-acfa9774acce","timestamp":"2023-03-10 07:28:42"}
{"level":"\u001b[33mwarn\u001b[39m","message":"404 - Not Found","timestamp":"2023-03-10 07:28:43"}
{"level":"\u001b[34minfo\u001b[39m","message":"req.user: undefined","timestamp":"2023-03-10 07:29:12"}
{"level":"\u001b[34minfo\u001b[39m","message":"Session id started: {\"user\":\"2f01vvg\"}","timestamp":"2023-03-10 07:29:12"}
{"level":"\u001b[34minfo\u001b[39m","message":"User logged in: {\"id\":\"2f01vvg\",\"email\":\"NIK01@aitam.org\",\"password\":\"$2a$10$OZPJk4OGRtzN7qx7iQFNNeBYl9.n20F5YCRX3s0wov.Il3t9kjyS2\"}","timestamp":"2023-03-10 07:29:12"}
{"level":"\u001b[34minfo\u001b[39m","message":"User (2f01vvg) uploaded a file: {\"file\":{\"size\":919260,\"path\":\"C:\\\\faktoria\\\\aitam\\\\work\\\\08ec027c-8f44-4755-bf7a-c51c16352513.xml\",\"name\":\"78924a4e-4b87-4796-8694-3fb50eebe2dd (1).xml\",\"type\":\"text/xml\",\"mtime\":\"2023-03-10T06:29:56.390Z\"}}","timestamp":"2023-03-10 07:29:56"}
{"level":"\u001b[34minfo\u001b[39m","message":"garbage collector deleted  gazetteer.dic on folder: C:\\faktoria\\aitam\\work\\, path: C:\\faktoria\\aitam\\work\\gazetteer.dic","timestamp":"2023-03-10 07:30:00"}
{"level":"\u001b[34minfo\u001b[39m","message":"garbage collector deleted  gazetteer.dic on folder: C:\\faktoria\\aitam\\work\\, path: C:\\faktoria\\aitam\\work\\gazetteer.dic","timestamp":"2023-03-10 07:30:00"}
{"level":"\u001b[34minfo\u001b[39m","message":"garbage collector started on path: C:\\faktoria\\aitam\\work\\","timestamp":"2023-03-10 07:39:25"}
{"level":"\u001b[33mwarn\u001b[39m","message":"2 Graph db error: Neo4jError: Could not perform discovery. No routing servers available. Known routing table: RoutingTable[database=default database, expirationTime=0, currentTime=1678430367375, routers=[], readers=[], writers=[]]","timestamp":"2023-03-10 07:39:27"}
{"level":"\u001b[33mwarn\u001b[39m","message":"1 Graph db error: Neo4jError: Could not perform discovery. No routing servers available. Known routing table: RoutingTable[database=default database, expirationTime=0, currentTime=1678430367377, routers=[], readers=[], writers=[]]","timestamp":"2023-03-10 07:39:27"}
{"level":"\u001b[33mwarn\u001b[39m","message":"3 Graph db error: Neo4jError: Could not perform discovery. No routing servers available. Known routing table: RoutingTable[database=default database, expirationTime=0, currentTime=1678430367381, routers=[], readers=[], writers=[]]","timestamp":"2023-03-10 07:39:27"}
{"level":"\u001b[33mwarn\u001b[39m","message":"4 Graph db error: Neo4jError: Could not perform discovery. No routing servers available. Known routing table: RoutingTable[database=default database, expirationTime=0, currentTime=1678430367381, routers=[], readers=[], writers=[]]","timestamp":"2023-03-10 07:39:27"}
{"level":"\u001b[33mwarn\u001b[39m","message":"5 Graph db error: Neo4jError: Could not perform discovery. No routing servers available. Known routing table: RoutingTable[database=default database, expirationTime=0, currentTime=1678430367382, routers=[], readers=[], writers=[]]","timestamp":"2023-03-10 07:39:27"}
{"level":"\u001b[33mwarn\u001b[39m","message":"6 Graph db error: Neo4jError: Could not perform discovery. No routing servers available. Known routing table: RoutingTable[database=default database, expirationTime=0, currentTime=1678430367383, routers=[], readers=[], writers=[]]","timestamp":"2023-03-10 07:39:27"}
{"level":"\u001b[34minfo\u001b[39m","message":"Session created received the id:73d49b53-2790-4598-a376-21748f48533d","timestamp":"2023-03-10 07:39:59"}
{"level":"\u001b[33mwarn\u001b[39m","message":"2 Graph db error: Neo4jError: Could not perform discovery. No routing servers available. Known routing table: RoutingTable[database=default database, expirationTime=0, currentTime=1678430399261, routers=[], readers=[], writers=[]]","timestamp":"2023-03-10 07:39:59"}
{"level":"\u001b[33mwarn\u001b[39m","message":"1 Graph db error: Neo4jError: Could not perform discovery. No routing servers available. Known routing table: RoutingTable[database=default database, expirationTime=0, currentTime=1678430399264, routers=[], readers=[], writers=[]]","timestamp":"2023-03-10 07:39:59"}
{"level":"\u001b[33mwarn\u001b[39m","message":"3 Graph db error: Neo4jError: Could not perform discovery. No routing servers available. Known routing table: RoutingTable[database=default database, expirationTime=0, currentTime=1678430399266, routers=[], readers=[], writers=[]]","timestamp":"2023-03-10 07:39:59"}
{"level":"\u001b[33mwarn\u001b[39m","message":"4 Graph db error: Neo4jError: Could not perform discovery. No routing servers available. Known routing table: RoutingTable[database=default database, expirationTime=0, currentTime=1678430399268, routers=[], readers=[], writers=[]]","timestamp":"2023-03-10 07:39:59"}
{"level":"\u001b[33mwarn\u001b[39m","message":"6 Graph db error: Neo4jError: Could not perform discovery. No routing servers available. Known routing table: RoutingTable[database=default database, expirationTime=0, currentTime=1678430399274, routers=[], readers=[], writers=[]]","timestamp":"2023-03-10 07:39:59"}
{"level":"\u001b[33mwarn\u001b[39m","message":"5 Graph db error: Neo4jError: Could not perform discovery. No routing servers available. Known routing table: RoutingTable[database=default database, expirationTime=0, currentTime=1678430399275, routers=[], readers=[], writers=[]]","timestamp":"2023-03-10 07:39:59"}
{"level":"\u001b[33mwarn\u001b[39m","message":"404 - Not Found","timestamp":"2023-03-10 07:39:59"}
{"level":"\u001b[34minfo\u001b[39m","message":"req.user: undefined","timestamp":"2023-03-10 07:40:17"}
{"level":"\u001b[34minfo\u001b[39m","message":"req.user: undefined","timestamp":"2023-03-10 07:40:28"}
{"level":"\u001b[34minfo\u001b[39m","message":"Session id started: {\"user\":\"2f01vvg\"}","timestamp":"2023-03-10 07:40:28"}
{"level":"\u001b[34minfo\u001b[39m","message":"User logged in: {\"id\":\"2f01vvg\",\"email\":\"NIK01@aitam.org\",\"password\":\"$2a$10$OZPJk4OGRtzN7qx7iQFNNeBYl9.n20F5YCRX3s0wov.Il3t9kjyS2\"}","timestamp":"2023-03-10 07:40:28"}
{"level":"\u001b[34minfo\u001b[39m","message":"User (2f01vvg) uploaded a file: {\"file\":{\"size\":919220,\"path\":\"C:\\\\faktoria\\\\aitam\\\\work\\\\46cf0fd2-942c-4e7f-b096-a6f0245fb679.xml\",\"name\":\"7b925c9a-94ac-4032-9c29-95ba029a809d (2).xml\",\"type\":\"text/xml\",\"mtime\":\"2023-03-10T06:40:59.491Z\"}}","timestamp":"2023-03-10 07:40:59"}
{"level":"\u001b[34minfo\u001b[39m","message":"garbage collector started on path: C:\\faktoria\\aitam\\work\\","timestamp":"2023-03-10 08:01:15"}
{"level":"\u001b[33mwarn\u001b[39m","message":"2 Graph db error: Neo4jError: Could not perform discovery. No routing servers available. Known routing table: RoutingTable[database=default database, expirationTime=0, currentTime=1678431677282, routers=[], readers=[], writers=[]]","timestamp":"2023-03-10 08:01:17"}
{"level":"\u001b[33mwarn\u001b[39m","message":"1 Graph db error: Neo4jError: Could not perform discovery. No routing servers available. Known routing table: RoutingTable[database=default database, expirationTime=0, currentTime=1678431677283, routers=[], readers=[], writers=[]]","timestamp":"2023-03-10 08:01:17"}
{"level":"\u001b[33mwarn\u001b[39m","message":"4 Graph db error: Neo4jError: Could not perform discovery. No routing servers available. Known routing table: RoutingTable[database=default database, expirationTime=0, currentTime=1678431677288, routers=[], readers=[], writers=[]]","timestamp":"2023-03-10 08:01:17"}
{"level":"\u001b[33mwarn\u001b[39m","message":"3 Graph db error: Neo4jError: Could not perform discovery. No routing servers available. Known routing table: RoutingTable[database=default database, expirationTime=0, currentTime=1678431677289, routers=[], readers=[], writers=[]]","timestamp":"2023-03-10 08:01:17"}
{"level":"\u001b[33mwarn\u001b[39m","message":"5 Graph db error: Neo4jError: Could not perform discovery. No routing servers available. Known routing table: RoutingTable[database=default database, expirationTime=0, currentTime=1678431677289, routers=[], readers=[], writers=[]]","timestamp":"2023-03-10 08:01:17"}
{"level":"\u001b[33mwarn\u001b[39m","message":"6 Graph db error: Neo4jError: Could not perform discovery. No routing servers available. Known routing table: RoutingTable[database=default database, expirationTime=0, currentTime=1678431677290, routers=[], readers=[], writers=[]]","timestamp":"2023-03-10 08:01:17"}
{"level":"\u001b[33mwarn\u001b[39m","message":"404 - Not Found","timestamp":"2023-03-10 08:04:32"}
{"level":"\u001b[34minfo\u001b[39m","message":"req.user: undefined","timestamp":"2023-03-10 08:04:46"}
{"level":"\u001b[34minfo\u001b[39m","message":"Session id started: {\"user\":\"2f01vvg\"}","timestamp":"2023-03-10 08:04:46"}
{"level":"\u001b[34minfo\u001b[39m","message":"User logged in: {\"id\":\"2f01vvg\",\"email\":\"NIK01@aitam.org\",\"password\":\"$2a$10$OZPJk4OGRtzN7qx7iQFNNeBYl9.n20F5YCRX3s0wov.Il3t9kjyS2\"}","timestamp":"2023-03-10 08:04:46"}
{"level":"\u001b[34minfo\u001b[39m","message":"User (2f01vvg) uploaded a file: {\"file\":{\"size\":919260,\"path\":\"C:\\\\faktoria\\\\aitam\\\\work\\\\e4301079-ea0c-4a92-a5db-decb8578b036.xml\",\"name\":\"78924a4e-4b87-4796-8694-3fb50eebe2dd (1).xml\",\"type\":\"text/xml\",\"mtime\":\"2023-03-10T07:05:47.182Z\"}}","timestamp":"2023-03-10 08:05:47"}
{"level":"\u001b[34minfo\u001b[39m","message":"working audit file closed and deleted : C:\\faktoria\\aitam\\work\\e4301079-ea0c-4a92-a5db-decb8578b036.xml","timestamp":"2023-03-10 08:06:08"}
{"level":"\u001b[34minfo\u001b[39m","message":"User (2f01vvg) uploaded a file: {\"file\":{\"size\":920193,\"path\":\"C:\\\\faktoria\\\\aitam\\\\work\\\\e4301079-ea0c-4a92-a5db-decb8578b036.xml\",\"name\":\"495f76da-26ae-4763-8c93-40e8dfa0ff4e (2).xml\",\"type\":\"text/xml\",\"mtime\":\"2023-03-10T07:06:14.137Z\"}}","timestamp":"2023-03-10 08:06:14"}
{"level":"\u001b[34minfo\u001b[39m","message":"garbage collector started on path: C:\\faktoria\\aitam\\work\\","timestamp":"2023-03-10 08:08:29"}
{"level":"\u001b[33mwarn\u001b[39m","message":"1 Graph db error: Neo4jError: Could not perform discovery. No routing servers available. Known routing table: RoutingTable[database=default database, expirationTime=0, currentTime=1678432111249, routers=[], readers=[], writers=[]]","timestamp":"2023-03-10 08:08:31"}
{"level":"\u001b[33mwarn\u001b[39m","message":"2 Graph db error: Neo4jError: Could not perform discovery. No routing servers available. Known routing table: RoutingTable[database=default database, expirationTime=0, currentTime=1678432111254, routers=[], readers=[], writers=[]]","timestamp":"2023-03-10 08:08:31"}
{"level":"\u001b[33mwarn\u001b[39m","message":"4 Graph db error: Neo4jError: Could not perform discovery. No routing servers available. Known routing table: RoutingTable[database=default database, expirationTime=0, currentTime=1678432111255, routers=[], readers=[], writers=[]]","timestamp":"2023-03-10 08:08:31"}
{"level":"\u001b[33mwarn\u001b[39m","message":"3 Graph db error: Neo4jError: Could not perform discovery. No routing servers available. Known routing table: RoutingTable[database=default database, expirationTime=0, currentTime=1678432111256, routers=[], readers=[], writers=[]]","timestamp":"2023-03-10 08:08:31"}
{"level":"\u001b[33mwarn\u001b[39m","message":"5 Graph db error: Neo4jError: Could not perform discovery. No routing servers available. Known routing table: RoutingTable[database=default database, expirationTime=0, currentTime=1678432111256, routers=[], readers=[], writers=[]]","timestamp":"2023-03-10 08:08:31"}
{"level":"\u001b[33mwarn\u001b[39m","message":"6 Graph db error: Neo4jError: Could not perform discovery. No routing servers available. Known routing table: RoutingTable[database=default database, expirationTime=0, currentTime=1678432111257, routers=[], readers=[], writers=[]]","timestamp":"2023-03-10 08:08:31"}
{"level":"\u001b[34minfo\u001b[39m","message":"req.user: undefined","timestamp":"2023-03-10 08:08:48"}
{"level":"\u001b[34minfo\u001b[39m","message":"Session id started: {\"user\":\"2f01vvg\"}","timestamp":"2023-03-10 08:08:48"}
{"level":"\u001b[34minfo\u001b[39m","message":"User logged in: {\"id\":\"2f01vvg\",\"email\":\"NIK01@aitam.org\",\"password\":\"$2a$10$OZPJk4OGRtzN7qx7iQFNNeBYl9.n20F5YCRX3s0wov.Il3t9kjyS2\"}","timestamp":"2023-03-10 08:08:48"}
{"level":"\u001b[34minfo\u001b[39m","message":"Session created received the id:66ddfe5a-7c04-4668-b16b-e12064e7c735","timestamp":"2023-03-10 08:09:08"}
{"level":"\u001b[33mwarn\u001b[39m","message":"2 Graph db error: Neo4jError: Could not perform discovery. No routing servers available. Known routing table: RoutingTable[database=default database, expirationTime=0, currentTime=1678432148838, routers=[], readers=[], writers=[]]","timestamp":"2023-03-10 08:09:08"}
{"level":"\u001b[33mwarn\u001b[39m","message":"1 Graph db error: Neo4jError: Could not perform discovery. No routing servers available. Known routing table: RoutingTable[database=default database, expirationTime=0, currentTime=1678432148840, routers=[], readers=[], writers=[]]","timestamp":"2023-03-10 08:09:08"}
{"level":"\u001b[33mwarn\u001b[39m","message":"3 Graph db error: Neo4jError: Could not perform discovery. No routing servers available. Known routing table: RoutingTable[database=default database, expirationTime=0, currentTime=1678432148845, routers=[], readers=[], writers=[]]","timestamp":"2023-03-10 08:09:08"}
{"level":"\u001b[33mwarn\u001b[39m","message":"4 Graph db error: Neo4jError: Could not perform discovery. No routing servers available. Known routing table: RoutingTable[database=default database, expirationTime=0, currentTime=1678432148846, routers=[], readers=[], writers=[]]","timestamp":"2023-03-10 08:09:08"}
{"level":"\u001b[33mwarn\u001b[39m","message":"5 Graph db error: Neo4jError: Could not perform discovery. No routing servers available. Known routing table: RoutingTable[database=default database, expirationTime=0, currentTime=1678432148847, routers=[], readers=[], writers=[]]","timestamp":"2023-03-10 08:09:08"}
{"level":"\u001b[33mwarn\u001b[39m","message":"6 Graph db error: Neo4jError: Could not perform discovery. No routing servers available. Known routing table: RoutingTable[database=default database, expirationTime=0, currentTime=1678432148850, routers=[], readers=[], writers=[]]","timestamp":"2023-03-10 08:09:08"}
{"level":"\u001b[34minfo\u001b[39m","message":"garbage collector started on path: C:\\faktoria\\aitam\\work\\","timestamp":"2023-03-10 11:17:03"}
{"level":"\u001b[33mwarn\u001b[39m","message":"404 - Not Found","timestamp":"2023-03-10 11:17:24"}
{"level":"\u001b[34minfo\u001b[39m","message":"req.user: undefined","timestamp":"2023-03-10 11:17:39"}
{"level":"\u001b[34minfo\u001b[39m","message":"Session id started: {\"user\":\"2f01vvg\"}","timestamp":"2023-03-10 11:17:39"}
{"level":"\u001b[34minfo\u001b[39m","message":"User logged in: {\"id\":\"2f01vvg\",\"email\":\"NIK01@aitam.org\",\"password\":\"$2a$10$OZPJk4OGRtzN7qx7iQFNNeBYl9.n20F5YCRX3s0wov.Il3t9kjyS2\"}","timestamp":"2023-03-10 11:17:39"}
{"level":"\u001b[34minfo\u001b[39m","message":"User (2f01vvg) uploaded a file: {\"file\":{\"size\":919260,\"path\":\"C:\\\\faktoria\\\\aitam\\\\work\\\\8c50e16a-7842-4d01-9da6-6cb42458d14d.xml\",\"name\":\"78924a4e-4b87-4796-8694-3fb50eebe2dd (1).xml\",\"type\":\"text/xml\",\"mtime\":\"2023-03-10T10:18:15.501Z\"}}","timestamp":"2023-03-10 11:18:15"}
